<?xml version="1.0" encoding="UTF-8"?>
<testsuite xmlns:xsi="http://www.w3.org/2001/XMLSchema-instance" xsi:noNamespaceSchemaLocation="https://maven.apache.org/surefire/maven-surefire-plugin/xsd/surefire-test-report.xsd" name="Базовый функционал." time="0.157" tests="1" errors="1" skipped="0" failures="0">
  <properties>
[...]
</properties>
  <testcase name="Создание Бизнес объекта" classname="Базовый функционал." time="2.933">
    <error message="unknown error: net::ERR_NAME_NOT_RESOLVED&#10;  (Session info: chrome=110.0.5481.78)&#10;Build info: version: &apos;3.141.59&apos;, revision: &apos;e82be7d358&apos;, time: &apos;2018-11-14T08:17:03&apos;&#10;System info: host: &apos;DESKTOP-44KA4E2&apos;, ip: &apos;10.20.33.86&apos;, os.name: &apos;Windows 10&apos;, os.arch: &apos;amd64&apos;, os.version: &apos;10.0&apos;, java.version: &apos;18.0.2&apos;&#10;Driver info: org.openqa.selenium.chrome.ChromeDriver&#10;Capabilities {acceptInsecureCerts: false, browserName: chrome, browserVersion: 110.0.5481.78, chrome: {chromedriverVersion: 110.0.5481.77 (65ed616c6e8e..., userDataDir: C:\Users\gonch\AppData\Loca...}, goog:chromeOptions: {debuggerAddress: localhost:55746}, javascriptEnabled: true, networkConnectionEnabled: false, pageLoadStrategy: normal, platform: WINDOWS, platformName: WINDOWS, proxy: Proxy(), setWindowRect: true, strictFileInteractability: false, timeouts: {implicit: 0, pageLoad: 300000, script: 30000}, unhandledPromptBehavior: dismiss and notify, webauthn:extension:credBlob: true, webauthn:extension:largeBlob: true, webauthn:virtualAuthenticators: true}&#10;Session ID: eda181170db71313973abb934547d35b" type="org.openqa.selenium.WebDriverException">org.openqa.selenium.WebDriverException: 
unknown error: net::ERR_NAME_NOT_RESOLVED
  (Session info: chrome=110.0.5481.78)
Build info: version: '3.141.59', revision: 'e82be7d358', time: '2018-11-14T08:17:03'
System info: host: 'DESKTOP-44KA4E2', ip: '10.20.33.86', os.name: 'Windows 10', os.arch: 'amd64', os.version: '10.0', java.version: '18.0.2'
Driver info: org.openqa.selenium.chrome.ChromeDriver
Capabilities {acceptInsecureCerts: false, browserName: chrome, browserVersion: 110.0.5481.78, chrome: {chromedriverVersion: 110.0.5481.77 (65ed616c6e8e..., userDataDir: C:\Users\gonch\AppData\Loca...}, goog:chromeOptions: {debuggerAddress: localhost:55746}, javascriptEnabled: true, networkConnectionEnabled: false, pageLoadStrategy: normal, platform: WINDOWS, platformName: WINDOWS, proxy: Proxy(), setWindowRect: true, strictFileInteractability: false, timeouts: {implicit: 0, pageLoad: 300000, script: 30000}, unhandledPromptBehavior: dismiss and notify, webauthn:extension:credBlob: true, webauthn:extension:largeBlob: true, webauthn:virtualAuthenticators: true}
Session ID: eda181170db71313973abb934547d35b
</error>
    <system-out><![CDATA[
@BasicCreation
Сценарий: Создание Бизнес объекта                      &amp#27;[90m# tests/BO-Table-Selection-Creation.feature:6&amp#27;[0m
  &amp#27;[31mДано &amp#27;[0m&amp#27;[31mАвторизовались в системе&amp#27;[0m                        &amp#27;[90m# t1.TablesSteps.авторизовалисьВСистеме()&amp#27;[0m
      &amp#27;[31morg.openqa.selenium.WebDriverException: unknown error: net::ERR_NAME_NOT_RESOLVED
  (Session info: chrome=110.0.5481.78)
Build info: version: '3.141.59', revision: 'e82be7d358', time: '2018-11-14T08:17:03'
System info: host: 'DESKTOP-44KA4E2', ip: '10.20.33.86', os.name: 'Windows 10', os.arch: 'amd64', os.version: '10.0', java.version: '18.0.2'
Driver info: org.openqa.selenium.chrome.ChromeDriver
Capabilities {acceptInsecureCerts: false, browserName: chrome, browserVersion: 110.0.5481.78, chrome: {chromedriverVersion: 110.0.5481.77 (65ed616c6e8e..., userDataDir: C:\Users\gonch\AppData\Loca...}, goog:chromeOptions: {debuggerAddress: localhost:55746}, javascriptEnabled: true, networkConnectionEnabled: false, pageLoadStrategy: normal, platform: WINDOWS, platformName: WINDOWS, proxy: Proxy(), setWindowRect: true, strictFileInteractability: false, timeouts: {implicit: 0, pageLoad: 300000, script: 30000}, unhandledPromptBehavior: dismiss and notify, webauthn:extension:credBlob: true, webauthn:extension:largeBlob: true, webauthn:virtualAuthenticators: true}
Session ID: eda181170db71313973abb934547d35b
	at java.base/jdk.internal.reflect.DirectConstructorHandleAccessor.newInstance(DirectConstructorHandleAccessor.java:67)
	at java.base/java.lang.reflect.Constructor.newInstanceWithCaller(Constructor.java:499)
	at java.base/java.lang.reflect.Constructor.newInstance(Constructor.java:483)
	at org.openqa.selenium.remote.http.W3CHttpResponseCodec.createException(W3CHttpResponseCodec.java:187)
	at org.openqa.selenium.remote.http.W3CHttpResponseCodec.decode(W3CHttpResponseCodec.java:122)
	at org.openqa.selenium.remote.http.W3CHttpResponseCodec.decode(W3CHttpResponseCodec.java:49)
	at org.openqa.selenium.remote.HttpCommandExecutor.execute(HttpCommandExecutor.java:158)
	at org.openqa.selenium.remote.service.DriverCommandExecutor.execute(DriverCommandExecutor.java:83)
	at org.openqa.selenium.remote.RemoteWebDriver.execute(RemoteWebDriver.java:552)
	at org.openqa.selenium.remote.RemoteWebDriver.get(RemoteWebDriver.java:277)
	at conf.Config.setDriverRequest(Config.java:37)
	at t1.TablesPageObject.OpenBasePage(TablesPageObject.java:12)
	at t1.TablesSteps.авторизовалисьВСистеме(TablesSteps.java:19)
	at ✽.Авторизовались в системе(classpath:tests/BO-Table-Selection-Creation.feature:7)
&amp#27;[0m
  &amp#27;[36mКогда &amp#27;[0m&amp#27;[36mОткрыта главная страница&amp#27;[0m                       &amp#27;[90m# t1.TablesSteps.открытаглавнаястраница()&amp#27;[0m
  &amp#27;[36mИ &amp#27;[0m&amp#27;[36mНажимаем на кнопку Модуль Аналитики&amp#27;[0m                &amp#27;[90m# t1.TablesSteps.нажимаемНаКнопкуМодульАналитики()&amp#27;[0m
  &amp#27;[36mИ &amp#27;[0m&amp#27;[36mнажимаем на кнопку Бизнес объекты&amp#27;[0m                  &amp#27;[90m# BusinessObjects.BOSteps.НажимаемНаКнопкуБизнесОбъекты()&amp#27;[0m
  &amp#27;[36mИ &amp#27;[0m&amp#27;[36mнажимаем на кнопку Создать конфигурацию&amp#27;[0m            &amp#27;[90m# BusinessObjects.BOSteps.нажимаемНаКнопкуСоздатьКонфигурацию()&amp#27;[0m
  &amp#27;[36mИ &amp#27;[0m&amp#27;[36mзаполняем имя бизнес-объекта: &amp#27;[0m&amp#27;[36m&amp#27;[1m"ATConfiguration"&amp#27;[0m    &amp#27;[90m# BusinessObjects.BOSteps.заполняемИмяБизнесОбъекта(java.lang.String)&amp#27;[0m
  &amp#27;[36mИ &amp#27;[0m&amp#27;[36mзаполняем описание бизнес-объекта: &amp#27;[0m&amp#27;[36m&amp#27;[1m"ATDescription"&amp#27;[0m &amp#27;[90m# BusinessObjects.BOSteps.заполняемОписаниеБизнесОбъекта(java.lang.String)&amp#27;[0m
  &amp#27;[36mИ &amp#27;[0m&amp#27;[36mзаполняем поле: &amp#27;[0m&amp#27;[36m&amp#27;[1m"Группа"&amp#27;[0m&amp#27;[36m, &amp#27;[0m&amp#27;[36m&amp#27;[1m"ROOT"&amp#27;[0m                   &amp#27;[90m# BusinessObjects.BOSteps.заполняемПоле(java.lang.String,java.lang.String)&amp#27;[0m
  &amp#27;[36mИ &amp#27;[0m&amp#27;[36mвыбираем состояние по умолчанию: &amp#27;[0m&amp#27;[36m&amp#27;[1m"ATState"&amp#27;[0m         &amp#27;[90m# BusinessObjects.BOSteps.выбираемСостояниеПоУмолчанию(java.lang.String)&amp#27;[0m
  &amp#27;[36mИ &amp#27;[0m&amp#27;[36mнажимаем ОК&amp#27;[0m                                        &amp#27;[90m# BusinessObjects.BOSteps.нажимаемОК()&amp#27;[0m
  &amp#27;[36mТогда &amp#27;[0m&amp#27;[36mконфигурация создана&amp#27;[0m                           &amp#27;[90m# BusinessObjects.BOSteps.конфигурацияСоздана()&amp#27;[0m
]]></system-out>
    <system-err><![CDATA[Starting ChromeDriver 110.0.5481.77 (65ed616c6e8ee3fe0ad64fe83796c020644d42af-refs/branch-heads/5481@{#839}) on port 47979
Only local connections are allowed.
Please see https://chromedriver.chromium.org/security-considerations for suggestions on keeping ChromeDriver safe.
ChromeDriver was started successfully.
[1676022508.502][WARNING]: virtual void DevToolsClientImpl::AddListener(DevToolsEventListener *) subscribing a listener to the already connected DevToolsClient. Connection notification will not arrive.
февр. 10, 2023 12:48:28 PM org.openqa.selenium.remote.ProtocolHandshake createSession
INFO: Detected dialect: W3C
]]></system-err>
  </testcase>
  <testcase name="Создание таблицы" classname="Базовый функционал." time="0.107">
    <failure message="Превышено максимальное время ожидания элемента&#10;no such element: Unable to locate element: {&quot;method&quot;:&quot;xpath&quot;,&quot;selector&quot;:&quot;//nz-tree-node-title [@title=&apos;Таблицы&apos;]&quot;}&#10;  (Session info: chrome=110.0.5481.78)&#10;For documentation on this error, please visit: https://www.seleniumhq.org/exceptions/no_such_element.html&#10;Build info: version: &apos;3.141.59&apos;, revision: &apos;e82be7d358&apos;, time: &apos;2018-11-14T08:17:03&apos;&#10;System info: host: &apos;DESKTOP-44KA4E2&apos;, ip: &apos;10.20.33.86&apos;, os.name: &apos;Windows 10&apos;, os.arch: &apos;amd64&apos;, os.version: &apos;10.0&apos;, java.version: &apos;18.0.2&apos;&#10;Driver info: org.openqa.selenium.chrome.ChromeDriver&#10;Capabilities {acceptInsecureCerts: false, browserName: chrome, browserVersion: 110.0.5481.78, chrome: {chromedriverVersion: 110.0.5481.77 (65ed616c6e8e..., userDataDir: C:\Users\gonch\AppData\Loca...}, goog:chromeOptions: {debuggerAddress: localhost:55746}, javascriptEnabled: true, networkConnectionEnabled: false, pageLoadStrategy: normal, platform: WINDOWS, platformName: WINDOWS, proxy: Proxy(), setWindowRect: true, strictFileInteractability: false, timeouts: {implicit: 0, pageLoad: 300000, script: 30000}, unhandledPromptBehavior: dismiss and notify, webauthn:extension:credBlob: true, webauthn:extension:largeBlob: true, webauthn:virtualAuthenticators: true}&#10;Session ID: eda181170db71313973abb934547d35b&#10;*** Element info: {Using=xpath, value=//nz-tree-node-title [@title=&apos;Таблицы&apos;]}" type="org.opentest4j.AssertionFailedError">org.opentest4j.AssertionFailedError: 
Превышено максимальное время ожидания элемента
no such element: Unable to locate element: {"method":"xpath","selector":"//nz-tree-node-title [@title='Таблицы']"}
  (Session info: chrome=110.0.5481.78)
For documentation on this error, please visit: https://www.seleniumhq.org/exceptions/no_such_element.html
Build info: version: '3.141.59', revision: 'e82be7d358', time: '2018-11-14T08:17:03'
System info: host: 'DESKTOP-44KA4E2', ip: '10.20.33.86', os.name: 'Windows 10', os.arch: 'amd64', os.version: '10.0', java.version: '18.0.2'
Driver info: org.openqa.selenium.chrome.ChromeDriver
Capabilities {acceptInsecureCerts: false, browserName: chrome, browserVersion: 110.0.5481.78, chrome: {chromedriverVersion: 110.0.5481.77 (65ed616c6e8e..., userDataDir: C:\Users\gonch\AppData\Loca...}, goog:chromeOptions: {debuggerAddress: localhost:55746}, javascriptEnabled: true, networkConnectionEnabled: false, pageLoadStrategy: normal, platform: WINDOWS, platformName: WINDOWS, proxy: Proxy(), setWindowRect: true, strictFileInteractability: false, timeouts: {implicit: 0, pageLoad: 300000, script: 30000}, unhandledPromptBehavior: dismiss and notify, webauthn:extension:credBlob: true, webauthn:extension:largeBlob: true, webauthn:virtualAuthenticators: true}
Session ID: eda181170db71313973abb934547d35b
*** Element info: {Using=xpath, value=//nz-tree-node-title [@title='Таблицы']}
</failure>
    <system-out><![CDATA[
@BasicCreation
Сценарий: Создание таблицы                          &amp#27;[90m# tests/BO-Table-Selection-Creation.feature:19&amp#27;[0m
  &amp#27;[31mИ &amp#27;[0m&amp#27;[31mНажимаем на кнопку Таблицы&amp#27;[0m                      &amp#27;[90m# t1.TablesSteps.нажимаемНаКнопкуТаблицы()&amp#27;[0m
      &amp#27;[31morg.opentest4j.AssertionFailedError: Превышено максимальное время ожидания элемента
no such element: Unable to locate element: {"method":"xpath","selector":"//nz-tree-node-title [@title='Таблицы']"}
  (Session info: chrome=110.0.5481.78)
For documentation on this error, please visit: https://www.seleniumhq.org/exceptions/no_such_element.html
Build info: version: '3.141.59', revision: 'e82be7d358', time: '2018-11-14T08:17:03'
System info: host: 'DESKTOP-44KA4E2', ip: '10.20.33.86', os.name: 'Windows 10', os.arch: 'amd64', os.version: '10.0', java.version: '18.0.2'
Driver info: org.openqa.selenium.chrome.ChromeDriver
Capabilities {acceptInsecureCerts: false, browserName: chrome, browserVersion: 110.0.5481.78, chrome: {chromedriverVersion: 110.0.5481.77 (65ed616c6e8e..., userDataDir: C:\Users\gonch\AppData\Loca...}, goog:chromeOptions: {debuggerAddress: localhost:55746}, javascriptEnabled: true, networkConnectionEnabled: false, pageLoadStrategy: normal, platform: WINDOWS, platformName: WINDOWS, proxy: Proxy(), setWindowRect: true, strictFileInteractability: false, timeouts: {implicit: 0, pageLoad: 300000, script: 30000}, unhandledPromptBehavior: dismiss and notify, webauthn:extension:credBlob: true, webauthn:extension:largeBlob: true, webauthn:virtualAuthenticators: true}
Session ID: eda181170db71313973abb934547d35b
*** Element info: {Using=xpath, value=//nz-tree-node-title [@title='Таблицы']}
	at org.junit.jupiter.api.AssertionUtils.fail(AssertionUtils.java:39)
	at org.junit.jupiter.api.Assertions.fail(Assertions.java:134)
	at conf.helpclass.CheckElementToBeClickable(helpclass.java:29)
	at conf.helpclass.clickElementClickable(helpclass.java:110)
	at t1.TablesPageObject.ClickTablesButton(TablesPageObject.java:26)
	at t1.TablesSteps.нажимаемНаКнопкуТаблицы(TablesSteps.java:33)
	at ✽.Нажимаем на кнопку Таблицы(classpath:tests/BO-Table-Selection-Creation.feature:20)
&amp#27;[0m
  &amp#27;[36mИ &amp#27;[0m&amp#27;[36mНажимаем на кнопку создания таблицы&amp#27;[0m             &amp#27;[90m# t1.TablesSteps.нажимаемНаКнопкуСозданияТаблицы()&amp#27;[0m
  &amp#27;[36mИ &amp#27;[0m&amp#27;[36mзаполняем название таблицы: &amp#27;[0m&amp#27;[36m&amp#27;[1m"attable109"&amp#27;[0m        &amp#27;[90m# t1.TablesSteps.заполняемНазваниеТаблицы(java.lang.String)&amp#27;[0m
  &amp#27;[36mИ &amp#27;[0m&amp#27;[36mзаполняем описание таблицы: &amp#27;[0m&amp#27;[36m&amp#27;[1m"111"&amp#27;[0m               &amp#27;[90m# t1.TablesSteps.заполняемОписаниеТаблицы(java.lang.String)&amp#27;[0m
  &amp#27;[36mИ &amp#27;[0m&amp#27;[36mзаполняем поле &amp#27;[0m&amp#27;[36m&amp#27;[1m"Группа таблицы"&amp#27;[0m&amp#27;[36m, &amp#27;[0m&amp#27;[36m&amp#27;[1m"ROOT"&amp#27;[0m         &amp#27;[90m# t1.TablesSteps.заполняемПоле(java.lang.String,java.lang.String)&amp#27;[0m
  &amp#27;[36mИ &amp#27;[0m&amp#27;[36mзаполняем поле &amp#27;[0m&amp#27;[36m&amp#27;[1m"Тип таблицы"&amp#27;[0m&amp#27;[36m, &amp#27;[0m&amp#27;[36m&amp#27;[1m"Вспомогательный"&amp#27;[0m &amp#27;[90m# t1.TablesSteps.заполняемПоле(java.lang.String,java.lang.String)&amp#27;[0m
  &amp#27;[36mИ &amp#27;[0m&amp#27;[36mнажать на кнопку добавления колонки&amp#27;[0m             &amp#27;[90m# t1.TablesSteps.нажатьНаКнопкуДобавленияКолонки()&amp#27;[0m
  &amp#27;[36mИ &amp#27;[0m&amp#27;[36mзаполнить название колонки: &amp#27;[0m&amp#27;[36m&amp#27;[1m"111"&amp#27;[0m               &amp#27;[90m# t1.TablesSteps.заполнитьНазваниеКолонки(java.lang.String)&amp#27;[0m
  &amp#27;[36mИ &amp#27;[0m&amp#27;[36mзаполнить значение по умолчанию &amp#27;[0m&amp#27;[36m&amp#27;[1m"112"&amp#27;[0m           &amp#27;[90m# t1.TablesSteps.заполнитьЗначениеПоУмолчанию(java.lang.String)&amp#27;[0m
  &amp#27;[36mИ &amp#27;[0m&amp#27;[36mзаполнить псевдоним &amp#27;[0m&amp#27;[36m&amp#27;[1m"111"&amp#27;[0m                       &amp#27;[90m# t1.TablesSteps.заполнитьПсевдоним(java.lang.String)&amp#27;[0m
  &amp#27;[36mИ &amp#27;[0m&amp#27;[36mзаполняем тип данных &amp#27;[0m&amp#27;[36m&amp#27;[1m"VARCHAR"&amp#27;[0m                  &amp#27;[90m# t1.TablesSteps.заполняемТипДанных(java.lang.String)&amp#27;[0m
  &amp#27;[36mИ &amp#27;[0m&amp#27;[36mзаполняем длину &amp#27;[0m&amp#27;[36m&amp#27;[1m"551"&amp#27;[0m                           &amp#27;[90m# t1.TablesSteps.заполняемДлину(java.lang.String)&amp#27;[0m
  &amp#27;[36mИ &amp#27;[0m&amp#27;[36mнажимаем кнопку Создать&amp#27;[0m                         &amp#27;[90m# t1.TablesSteps.нажимаемКнопкуСоздать()&amp#27;[0m
  &amp#27;[36mТогда &amp#27;[0m&amp#27;[36mСоздана таблица&amp#27;[0m                             &amp#27;[90m# t1.TablesSteps.созданаТаблица()&amp#27;[0m
]]></system-out>
  </testcase>
  <testcase name="Создание выборки" classname="Базовый функционал." time="0.129">
    <failure message="Превышено максимальное время ожидания элемента&#10;no such element: Unable to locate element: {&quot;method&quot;:&quot;xpath&quot;,&quot;selector&quot;:&quot;//nz-tree-node-title [@title=&apos;Выборки&apos;]&quot;}&#10;  (Session info: chrome=110.0.5481.78)&#10;For documentation on this error, please visit: https://www.seleniumhq.org/exceptions/no_such_element.html&#10;Build info: version: &apos;3.141.59&apos;, revision: &apos;e82be7d358&apos;, time: &apos;2018-11-14T08:17:03&apos;&#10;System info: host: &apos;DESKTOP-44KA4E2&apos;, ip: &apos;10.20.33.86&apos;, os.name: &apos;Windows 10&apos;, os.arch: &apos;amd64&apos;, os.version: &apos;10.0&apos;, java.version: &apos;18.0.2&apos;&#10;Driver info: org.openqa.selenium.chrome.ChromeDriver&#10;Capabilities {acceptInsecureCerts: false, browserName: chrome, browserVersion: 110.0.5481.78, chrome: {chromedriverVersion: 110.0.5481.77 (65ed616c6e8e..., userDataDir: C:\Users\gonch\AppData\Loca...}, goog:chromeOptions: {debuggerAddress: localhost:55746}, javascriptEnabled: true, networkConnectionEnabled: false, pageLoadStrategy: normal, platform: WINDOWS, platformName: WINDOWS, proxy: Proxy(), setWindowRect: true, strictFileInteractability: false, timeouts: {implicit: 0, pageLoad: 300000, script: 30000}, unhandledPromptBehavior: dismiss and notify, webauthn:extension:credBlob: true, webauthn:extension:largeBlob: true, webauthn:virtualAuthenticators: true}&#10;Session ID: eda181170db71313973abb934547d35b&#10;*** Element info: {Using=xpath, value=//nz-tree-node-title [@title=&apos;Выборки&apos;]}" type="org.opentest4j.AssertionFailedError">org.opentest4j.AssertionFailedError: 
Превышено максимальное время ожидания элемента
no such element: Unable to locate element: {"method":"xpath","selector":"//nz-tree-node-title [@title='Выборки']"}
  (Session info: chrome=110.0.5481.78)
For documentation on this error, please visit: https://www.seleniumhq.org/exceptions/no_such_element.html
Build info: version: '3.141.59', revision: 'e82be7d358', time: '2018-11-14T08:17:03'
System info: host: 'DESKTOP-44KA4E2', ip: '10.20.33.86', os.name: 'Windows 10', os.arch: 'amd64', os.version: '10.0', java.version: '18.0.2'
Driver info: org.openqa.selenium.chrome.ChromeDriver
Capabilities {acceptInsecureCerts: false, browserName: chrome, browserVersion: 110.0.5481.78, chrome: {chromedriverVersion: 110.0.5481.77 (65ed616c6e8e..., userDataDir: C:\Users\gonch\AppData\Loca...}, goog:chromeOptions: {debuggerAddress: localhost:55746}, javascriptEnabled: true, networkConnectionEnabled: false, pageLoadStrategy: normal, platform: WINDOWS, platformName: WINDOWS, proxy: Proxy(), setWindowRect: true, strictFileInteractability: false, timeouts: {implicit: 0, pageLoad: 300000, script: 30000}, unhandledPromptBehavior: dismiss and notify, webauthn:extension:credBlob: true, webauthn:extension:largeBlob: true, webauthn:virtualAuthenticators: true}
Session ID: eda181170db71313973abb934547d35b
*** Element info: {Using=xpath, value=//nz-tree-node-title [@title='Выборки']}
</failure>
    <system-out><![CDATA[
@BasicCreation
Сценарий: Создание выборки                              &amp#27;[90m# tests/BO-Table-Selection-Creation.feature:35&amp#27;[0m
  &amp#27;[31mИ &amp#27;[0m&amp#27;[31mНажимаем на кнопку Выборки&amp#27;[0m                          &amp#27;[90m# Selections.SelectionsSteps.нажимаемНаКнопкуВыборки()&amp#27;[0m
      &amp#27;[31morg.opentest4j.AssertionFailedError: Превышено максимальное время ожидания элемента
no such element: Unable to locate element: {"method":"xpath","selector":"//nz-tree-node-title [@title='Выборки']"}
  (Session info: chrome=110.0.5481.78)
For documentation on this error, please visit: https://www.seleniumhq.org/exceptions/no_such_element.html
Build info: version: '3.141.59', revision: 'e82be7d358', time: '2018-11-14T08:17:03'
System info: host: 'DESKTOP-44KA4E2', ip: '10.20.33.86', os.name: 'Windows 10', os.arch: 'amd64', os.version: '10.0', java.version: '18.0.2'
Driver info: org.openqa.selenium.chrome.ChromeDriver
Capabilities {acceptInsecureCerts: false, browserName: chrome, browserVersion: 110.0.5481.78, chrome: {chromedriverVersion: 110.0.5481.77 (65ed616c6e8e..., userDataDir: C:\Users\gonch\AppData\Loca...}, goog:chromeOptions: {debuggerAddress: localhost:55746}, javascriptEnabled: true, networkConnectionEnabled: false, pageLoadStrategy: normal, platform: WINDOWS, platformName: WINDOWS, proxy: Proxy(), setWindowRect: true, strictFileInteractability: false, timeouts: {implicit: 0, pageLoad: 300000, script: 30000}, unhandledPromptBehavior: dismiss and notify, webauthn:extension:credBlob: true, webauthn:extension:largeBlob: true, webauthn:virtualAuthenticators: true}
Session ID: eda181170db71313973abb934547d35b
*** Element info: {Using=xpath, value=//nz-tree-node-title [@title='Выборки']}
	at org.junit.jupiter.api.AssertionUtils.fail(AssertionUtils.java:39)
	at org.junit.jupiter.api.Assertions.fail(Assertions.java:134)
	at conf.helpclass.CheckElementToBeClickable(helpclass.java:29)
	at conf.helpclass.clickElementClickable(helpclass.java:110)
	at Selections.SelectionsPageObject.ClickSelectionButton(SelectionsPageObject.java:10)
	at Selections.SelectionsSteps.нажимаемНаКнопкуВыборки(SelectionsSteps.java:11)
	at ✽.Нажимаем на кнопку Выборки(classpath:tests/BO-Table-Selection-Creation.feature:36)
&amp#27;[0m
  &amp#27;[36mИ &amp#27;[0m&amp#27;[36mнажимаем на кнопку создания выборки&amp#27;[0m                 &amp#27;[90m# Selections.SelectionsSteps.нажимаемНаКнопкуСозданияВыборки()&amp#27;[0m
  &amp#27;[36mИ &amp#27;[0m&amp#27;[36mзаполняем имя выборки: &amp#27;[0m&amp#27;[36m&amp#27;[1m"ATselection"&amp#27;[0m                &amp#27;[90m# Selections.SelectionsSteps.заполняемИмяВыборки(java.lang.String)&amp#27;[0m
  &amp#27;[36mИ &amp#27;[0m&amp#27;[36mзаполняем описание выборки: &amp#27;[0m&amp#27;[36m&amp#27;[1m"ATselect"&amp#27;[0m              &amp#27;[90m# Selections.SelectionsSteps.заполняемОписаниеВыборки(java.lang.String)&amp#27;[0m
  &amp#27;[36mИ &amp#27;[0m&amp#27;[36mзаполняем поля: &amp#27;[0m&amp#27;[36m&amp#27;[1m"Группа"&amp#27;[0m&amp#27;[36m, &amp#27;[0m&amp#27;[36m&amp#27;[1m"ROOT"&amp#27;[0m                    &amp#27;[90m# Selections.SelectionsSteps.заполняемПоля(java.lang.String,java.lang.String)&amp#27;[0m
  &amp#27;[36mИ &amp#27;[0m&amp#27;[36mнажимаем на выбор из таблиц&amp#27;[0m                         &amp#27;[90m# Selections.SelectionsSteps.нажимаемНаВыборИзТаблиц()&amp#27;[0m
  &amp#27;[36mИ &amp#27;[0m&amp#27;[36mвыбираем таблицу для выборки: &amp#27;[0m&amp#27;[36m&amp#27;[1m"Table"&amp#27;[0m&amp#27;[36m, &amp#27;[0m&amp#27;[36m&amp#27;[1m"attable109"&amp#27;[0m &amp#27;[90m# Selections.SelectionsSteps.выбираемТаблицуДляВыборки(java.lang.String,java.lang.String)&amp#27;[0m
  &amp#27;[36mИ &amp#27;[0m&amp#27;[36mдобавляем индекс: &amp#27;[0m&amp#27;[36m&amp#27;[1m"attable"&amp#27;[0m                         &amp#27;[90m# Selections.SelectionsSteps.добавляемИндекс(java.lang.String)&amp#27;[0m
  &amp#27;[36mИ &amp#27;[0m&amp#27;[36mнажимаем кнопку Save&amp#27;[0m                                &amp#27;[90m# Selections.SelectionsSteps.нажимаемКнопкуSave()&amp#27;[0m
  &amp#27;[36mИ &amp#27;[0m&amp#27;[36mнажимаем на кнопку выбора&amp#27;[0m                           &amp#27;[90m# Selections.SelectionsSteps.нажимаемНаКнопкуВыбора()&amp#27;[0m
  &amp#27;[36mИ &amp#27;[0m&amp#27;[36mнажимаем выбор таблицы: &amp#27;[0m&amp#27;[36m&amp#27;[1m"Table"&amp#27;[0m&amp#27;[36m, &amp#27;[0m&amp#27;[36m&amp#27;[1m"attable"&amp#27;[0m          &amp#27;[90m# Selections.SelectionsSteps.нажимаемВыборТаблицы(java.lang.String,java.lang.String)&amp#27;[0m
  &amp#27;[36mИ &amp#27;[0m&amp#27;[36mнажимаем выбор колонки: &amp#27;[0m&amp#27;[36m&amp#27;[1m"Column"&amp#27;[0m&amp#27;[36m, &amp#27;[0m&amp#27;[36m&amp#27;[1m"id"&amp#27;[0m              &amp#27;[90m# Selections.SelectionsSteps.нажимаемВыборКолонки(java.lang.String,java.lang.String)&amp#27;[0m
  &amp#27;[36mИ &amp#27;[0m&amp#27;[36mдобавляем индекс колонки: &amp#27;[0m&amp#27;[36m&amp#27;[1m"attableid"&amp#27;[0m               &amp#27;[90m# Selections.SelectionsSteps.добавляемИндексКолонки(java.lang.String)&amp#27;[0m
  &amp#27;[36mИ &amp#27;[0m&amp#27;[36mнажимаем кнопку сохранить&amp#27;[0m                           &amp#27;[90m# Selections.SelectionsSteps.нажимаемКнопкуСохранить()&amp#27;[0m
  &amp#27;[36mИ &amp#27;[0m&amp#27;[36mнажимаем кнопку ОК&amp#27;[0m                                  &amp#27;[90m# Selections.SelectionsSteps.нажимаемКнопкуОК()&amp#27;[0m
  &amp#27;[36mТогда &amp#27;[0m&amp#27;[36mвыборка создана&amp#27;[0m                                 &amp#27;[90m# Selections.SelectionsSteps.выборкаСоздана()&amp#27;[0m
]]></system-out>
  </testcase>
  <testcase name="Редактирование конфигурации БО" classname="Базовый функционал." time="0.126">
    <error message="unknown error: net::ERR_NAME_NOT_RESOLVED&#10;  (Session info: chrome=110.0.5481.78)&#10;Build info: version: &apos;3.141.59&apos;, revision: &apos;e82be7d358&apos;, time: &apos;2018-11-14T08:17:03&apos;&#10;System info: host: &apos;DESKTOP-44KA4E2&apos;, ip: &apos;10.20.33.86&apos;, os.name: &apos;Windows 10&apos;, os.arch: &apos;amd64&apos;, os.version: &apos;10.0&apos;, java.version: &apos;18.0.2&apos;&#10;Driver info: org.openqa.selenium.chrome.ChromeDriver&#10;Capabilities {acceptInsecureCerts: false, browserName: chrome, browserVersion: 110.0.5481.78, chrome: {chromedriverVersion: 110.0.5481.77 (65ed616c6e8e..., userDataDir: C:\Users\gonch\AppData\Loca...}, goog:chromeOptions: {debuggerAddress: localhost:55746}, javascriptEnabled: true, networkConnectionEnabled: false, pageLoadStrategy: normal, platform: WINDOWS, platformName: WINDOWS, proxy: Proxy(), setWindowRect: true, strictFileInteractability: false, timeouts: {implicit: 0, pageLoad: 300000, script: 30000}, unhandledPromptBehavior: dismiss and notify, webauthn:extension:credBlob: true, webauthn:extension:largeBlob: true, webauthn:virtualAuthenticators: true}&#10;Session ID: eda181170db71313973abb934547d35b" type="org.openqa.selenium.WebDriverException">org.openqa.selenium.WebDriverException: 
unknown error: net::ERR_NAME_NOT_RESOLVED
  (Session info: chrome=110.0.5481.78)
Build info: version: '3.141.59', revision: 'e82be7d358', time: '2018-11-14T08:17:03'
System info: host: 'DESKTOP-44KA4E2', ip: '10.20.33.86', os.name: 'Windows 10', os.arch: 'amd64', os.version: '10.0', java.version: '18.0.2'
Driver info: org.openqa.selenium.chrome.ChromeDriver
Capabilities {acceptInsecureCerts: false, browserName: chrome, browserVersion: 110.0.5481.78, chrome: {chromedriverVersion: 110.0.5481.77 (65ed616c6e8e..., userDataDir: C:\Users\gonch\AppData\Loca...}, goog:chromeOptions: {debuggerAddress: localhost:55746}, javascriptEnabled: true, networkConnectionEnabled: false, pageLoadStrategy: normal, platform: WINDOWS, platformName: WINDOWS, proxy: Proxy(), setWindowRect: true, strictFileInteractability: false, timeouts: {implicit: 0, pageLoad: 300000, script: 30000}, unhandledPromptBehavior: dismiss and notify, webauthn:extension:credBlob: true, webauthn:extension:largeBlob: true, webauthn:virtualAuthenticators: true}
Session ID: eda181170db71313973abb934547d35b
</error>
    <system-out><![CDATA[
@BasicEdit
Сценарий: Редактирование конфигурации БО                                             &amp#27;[90m# tests/BO-Table-Selection-Edit.feature:6&amp#27;[0m
  &amp#27;[31mДано &amp#27;[0m&amp#27;[31mАвторизовались в системе&amp#27;[0m                                                      &amp#27;[90m# t1.TablesSteps.авторизовалисьВСистеме()&amp#27;[0m
      &amp#27;[31morg.openqa.selenium.WebDriverException: unknown error: net::ERR_NAME_NOT_RESOLVED
  (Session info: chrome=110.0.5481.78)
Build info: version: '3.141.59', revision: 'e82be7d358', time: '2018-11-14T08:17:03'
System info: host: 'DESKTOP-44KA4E2', ip: '10.20.33.86', os.name: 'Windows 10', os.arch: 'amd64', os.version: '10.0', java.version: '18.0.2'
Driver info: org.openqa.selenium.chrome.ChromeDriver
Capabilities {acceptInsecureCerts: false, browserName: chrome, browserVersion: 110.0.5481.78, chrome: {chromedriverVersion: 110.0.5481.77 (65ed616c6e8e..., userDataDir: C:\Users\gonch\AppData\Loca...}, goog:chromeOptions: {debuggerAddress: localhost:55746}, javascriptEnabled: true, networkConnectionEnabled: false, pageLoadStrategy: normal, platform: WINDOWS, platformName: WINDOWS, proxy: Proxy(), setWindowRect: true, strictFileInteractability: false, timeouts: {implicit: 0, pageLoad: 300000, script: 30000}, unhandledPromptBehavior: dismiss and notify, webauthn:extension:credBlob: true, webauthn:extension:largeBlob: true, webauthn:virtualAuthenticators: true}
Session ID: eda181170db71313973abb934547d35b
	at java.base/jdk.internal.reflect.DirectConstructorHandleAccessor.newInstance(DirectConstructorHandleAccessor.java:67)
	at java.base/java.lang.reflect.Constructor.newInstanceWithCaller(Constructor.java:499)
	at java.base/java.lang.reflect.Constructor.newInstance(Constructor.java:483)
	at org.openqa.selenium.remote.http.W3CHttpResponseCodec.createException(W3CHttpResponseCodec.java:187)
	at org.openqa.selenium.remote.http.W3CHttpResponseCodec.decode(W3CHttpResponseCodec.java:122)
	at org.openqa.selenium.remote.http.W3CHttpResponseCodec.decode(W3CHttpResponseCodec.java:49)
	at org.openqa.selenium.remote.HttpCommandExecutor.execute(HttpCommandExecutor.java:158)
	at org.openqa.selenium.remote.service.DriverCommandExecutor.execute(DriverCommandExecutor.java:83)
	at org.openqa.selenium.remote.RemoteWebDriver.execute(RemoteWebDriver.java:552)
	at org.openqa.selenium.remote.RemoteWebDriver.get(RemoteWebDriver.java:277)
	at conf.Config.setDriverRequest(Config.java:37)
	at t1.TablesPageObject.OpenBasePage(TablesPageObject.java:12)
	at t1.TablesSteps.авторизовалисьВСистеме(TablesSteps.java:19)
	at ✽.Авторизовались в системе(classpath:tests/BO-Table-Selection-Edit.feature:7)
&amp#27;[0m
  &amp#27;[36mКогда &amp#27;[0m&amp#27;[36mОткрыта главная страница&amp#27;[0m                                                     &amp#27;[90m# t1.TablesSteps.открытаглавнаястраница()&amp#27;[0m
  &amp#27;[36mИ &amp#27;[0m&amp#27;[36mНажимаем на кнопку Модуль Аналитики&amp#27;[0m                                              &amp#27;[90m# t1.TablesSteps.нажимаемНаКнопкуМодульАналитики()&amp#27;[0m
  &amp#27;[36mИ &amp#27;[0m&amp#27;[36mнажимаем на кнопку Бизнес объекты&amp#27;[0m                                                &amp#27;[90m# BusinessObjects.BOSteps.НажимаемНаКнопкуБизнесОбъекты()&amp#27;[0m
  &amp#27;[36mИ &amp#27;[0m&amp#27;[36mнажимаем на уже созданную конфигурацию &amp#27;[0m&amp#27;[36m&amp#27;[1m"ATConfiguration"&amp#27;[0m                         &amp#27;[90m# BusinessObjects.BOSteps.нажимаемНаУжеСозданнуюКонфигурацию(java.lang.String)&amp#27;[0m
  &amp#27;[36mИ &amp#27;[0m&amp#27;[36mнажимаем на кнопку Редактировать конфигурацию&amp#27;[0m                                    &amp#27;[90m# BusinessObjects.BOSteps.нажимаемНаКнопкуРедактироватьКонфигурацию()&amp#27;[0m
  &amp#27;[36mИ &amp#27;[0m&amp#27;[36mнажимаем на поле &amp#27;[0m&amp#27;[36m&amp#27;[1m"Имя конфигурации"&amp#27;[0m&amp#27;[36m и изменяем название конфигурации на &amp#27;[0m&amp#27;[36m&amp#27;[1m"ATconf"&amp#27;[0m &amp#27;[90m# BusinessObjects.BOSteps.нажимаемНаПолеИИзменяемНазваниеКонфигурацииНа(java.lang.String,java.lang.String)&amp#27;[0m
  &amp#27;[36mИ &amp#27;[0m&amp#27;[36mнажимаем Сохранить&amp#27;[0m                                                               &amp#27;[90m# BusinessObjects.BOSteps.нажимаемСохранить()&amp#27;[0m
  &amp#27;[36mТогда &amp#27;[0m&amp#27;[36mконфигурация БО изменена&amp#27;[0m                                                     &amp#27;[90m# BusinessObjects.BOSteps.конфигурацияБОИзменена()&amp#27;[0m
]]></system-out>
  </testcase>
  <testcase name="Редактирование выборки" classname="Базовый функционал." time="0.128">
    <failure message="Превышено максимальное время ожидания элемента&#10;no such element: Unable to locate element: {&quot;method&quot;:&quot;xpath&quot;,&quot;selector&quot;:&quot;//nz-tree-node-title [@title=&apos;Выборки&apos;]&quot;}&#10;  (Session info: chrome=110.0.5481.78)&#10;For documentation on this error, please visit: https://www.seleniumhq.org/exceptions/no_such_element.html&#10;Build info: version: &apos;3.141.59&apos;, revision: &apos;e82be7d358&apos;, time: &apos;2018-11-14T08:17:03&apos;&#10;System info: host: &apos;DESKTOP-44KA4E2&apos;, ip: &apos;10.20.33.86&apos;, os.name: &apos;Windows 10&apos;, os.arch: &apos;amd64&apos;, os.version: &apos;10.0&apos;, java.version: &apos;18.0.2&apos;&#10;Driver info: org.openqa.selenium.chrome.ChromeDriver&#10;Capabilities {acceptInsecureCerts: false, browserName: chrome, browserVersion: 110.0.5481.78, chrome: {chromedriverVersion: 110.0.5481.77 (65ed616c6e8e..., userDataDir: C:\Users\gonch\AppData\Loca...}, goog:chromeOptions: {debuggerAddress: localhost:55746}, javascriptEnabled: true, networkConnectionEnabled: false, pageLoadStrategy: normal, platform: WINDOWS, platformName: WINDOWS, proxy: Proxy(), setWindowRect: true, strictFileInteractability: false, timeouts: {implicit: 0, pageLoad: 300000, script: 30000}, unhandledPromptBehavior: dismiss and notify, webauthn:extension:credBlob: true, webauthn:extension:largeBlob: true, webauthn:virtualAuthenticators: true}&#10;Session ID: eda181170db71313973abb934547d35b&#10;*** Element info: {Using=xpath, value=//nz-tree-node-title [@title=&apos;Выборки&apos;]}" type="org.opentest4j.AssertionFailedError">org.opentest4j.AssertionFailedError: 
Превышено максимальное время ожидания элемента
no such element: Unable to locate element: {"method":"xpath","selector":"//nz-tree-node-title [@title='Выборки']"}
  (Session info: chrome=110.0.5481.78)
For documentation on this error, please visit: https://www.seleniumhq.org/exceptions/no_such_element.html
Build info: version: '3.141.59', revision: 'e82be7d358', time: '2018-11-14T08:17:03'
System info: host: 'DESKTOP-44KA4E2', ip: '10.20.33.86', os.name: 'Windows 10', os.arch: 'amd64', os.version: '10.0', java.version: '18.0.2'
Driver info: org.openqa.selenium.chrome.ChromeDriver
Capabilities {acceptInsecureCerts: false, browserName: chrome, browserVersion: 110.0.5481.78, chrome: {chromedriverVersion: 110.0.5481.77 (65ed616c6e8e..., userDataDir: C:\Users\gonch\AppData\Loca...}, goog:chromeOptions: {debuggerAddress: localhost:55746}, javascriptEnabled: true, networkConnectionEnabled: false, pageLoadStrategy: normal, platform: WINDOWS, platformName: WINDOWS, proxy: Proxy(), setWindowRect: true, strictFileInteractability: false, timeouts: {implicit: 0, pageLoad: 300000, script: 30000}, unhandledPromptBehavior: dismiss and notify, webauthn:extension:credBlob: true, webauthn:extension:largeBlob: true, webauthn:virtualAuthenticators: true}
Session ID: eda181170db71313973abb934547d35b
*** Element info: {Using=xpath, value=//nz-tree-node-title [@title='Выборки']}
</failure>
    <system-out><![CDATA[
@BasicEdit
Сценарий: Редактирование выборки                                             &amp#27;[90m# tests/BO-Table-Selection-Edit.feature:25&amp#27;[0m
  &amp#27;[31mИ &amp#27;[0m&amp#27;[31mНажимаем на кнопку Выборки&amp#27;[0m                                               &amp#27;[90m# Selections.SelectionsSteps.нажимаемНаКнопкуВыборки()&amp#27;[0m
      &amp#27;[31morg.opentest4j.AssertionFailedError: Превышено максимальное время ожидания элемента
no such element: Unable to locate element: {"method":"xpath","selector":"//nz-tree-node-title [@title='Выборки']"}
  (Session info: chrome=110.0.5481.78)
For documentation on this error, please visit: https://www.seleniumhq.org/exceptions/no_such_element.html
Build info: version: '3.141.59', revision: 'e82be7d358', time: '2018-11-14T08:17:03'
System info: host: 'DESKTOP-44KA4E2', ip: '10.20.33.86', os.name: 'Windows 10', os.arch: 'amd64', os.version: '10.0', java.version: '18.0.2'
Driver info: org.openqa.selenium.chrome.ChromeDriver
Capabilities {acceptInsecureCerts: false, browserName: chrome, browserVersion: 110.0.5481.78, chrome: {chromedriverVersion: 110.0.5481.77 (65ed616c6e8e..., userDataDir: C:\Users\gonch\AppData\Loca...}, goog:chromeOptions: {debuggerAddress: localhost:55746}, javascriptEnabled: true, networkConnectionEnabled: false, pageLoadStrategy: normal, platform: WINDOWS, platformName: WINDOWS, proxy: Proxy(), setWindowRect: true, strictFileInteractability: false, timeouts: {implicit: 0, pageLoad: 300000, script: 30000}, unhandledPromptBehavior: dismiss and notify, webauthn:extension:credBlob: true, webauthn:extension:largeBlob: true, webauthn:virtualAuthenticators: true}
Session ID: eda181170db71313973abb934547d35b
*** Element info: {Using=xpath, value=//nz-tree-node-title [@title='Выборки']}
	at org.junit.jupiter.api.AssertionUtils.fail(AssertionUtils.java:39)
	at org.junit.jupiter.api.Assertions.fail(Assertions.java:134)
	at conf.helpclass.CheckElementToBeClickable(helpclass.java:29)
	at conf.helpclass.clickElementClickable(helpclass.java:110)
	at Selections.SelectionsPageObject.ClickSelectionButton(SelectionsPageObject.java:10)
	at Selections.SelectionsSteps.нажимаемНаКнопкуВыборки(SelectionsSteps.java:11)
	at ✽.Нажимаем на кнопку Выборки(classpath:tests/BO-Table-Selection-Edit.feature:26)
&amp#27;[0m
  &amp#27;[36mИ &amp#27;[0m&amp#27;[36mНажимаем на необходимую выборку &amp#27;[0m&amp#27;[36m&amp#27;[1m"ATselection"&amp#27;[0m                            &amp#27;[90m# Selections.SelectionsSteps.нажимаемНаНеобходимуюВыборку(java.lang.String)&amp#27;[0m
  &amp#27;[36mИ &amp#27;[0m&amp#27;[36mнажимаем кнопку Редактировать выборку&amp#27;[0m                                    &amp#27;[90m# Selections.SelectionsSteps.нажимаемКнопкуРедактироватьВыборку()&amp#27;[0m
  &amp#27;[36mИ &amp#27;[0m&amp#27;[36mнажимаем на поле &amp#27;[0m&amp#27;[36m&amp#27;[1m"Имя выборки"&amp#27;[0m&amp#27;[36m и изменяем название выборки на &amp#27;[0m&amp#27;[36m&amp#27;[1m"ATselect"&amp#27;[0m &amp#27;[90m# Selections.SelectionsSteps.нажимаемНаПолеИИзменяемНазваниеВыборкиНа(java.lang.String,java.lang.String)&amp#27;[0m
  &amp#27;[36mИ &amp#27;[0m&amp#27;[36mнажимаем ОК&amp#27;[0m                                                              &amp#27;[90m# BusinessObjects.BOSteps.нажимаемОК()&amp#27;[0m
  &amp#27;[36mТогда &amp#27;[0m&amp#27;[36mвыборка изменена&amp#27;[0m                                                     &amp#27;[90m# Selections.SelectionsSteps.выборкаИзменена()&amp#27;[0m
]]></system-out>
  </testcase>
  <testcase name="Удаление выборки" classname="Базовый функционал." time="0.153">
    <error message="unknown error: net::ERR_NAME_NOT_RESOLVED&#10;  (Session info: chrome=110.0.5481.78)&#10;Build info: version: &apos;3.141.59&apos;, revision: &apos;e82be7d358&apos;, time: &apos;2018-11-14T08:17:03&apos;&#10;System info: host: &apos;DESKTOP-44KA4E2&apos;, ip: &apos;10.20.33.86&apos;, os.name: &apos;Windows 10&apos;, os.arch: &apos;amd64&apos;, os.version: &apos;10.0&apos;, java.version: &apos;18.0.2&apos;&#10;Driver info: org.openqa.selenium.chrome.ChromeDriver&#10;Capabilities {acceptInsecureCerts: false, browserName: chrome, browserVersion: 110.0.5481.78, chrome: {chromedriverVersion: 110.0.5481.77 (65ed616c6e8e..., userDataDir: C:\Users\gonch\AppData\Loca...}, goog:chromeOptions: {debuggerAddress: localhost:55746}, javascriptEnabled: true, networkConnectionEnabled: false, pageLoadStrategy: normal, platform: WINDOWS, platformName: WINDOWS, proxy: Proxy(), setWindowRect: true, strictFileInteractability: false, timeouts: {implicit: 0, pageLoad: 300000, script: 30000}, unhandledPromptBehavior: dismiss and notify, webauthn:extension:credBlob: true, webauthn:extension:largeBlob: true, webauthn:virtualAuthenticators: true}&#10;Session ID: eda181170db71313973abb934547d35b" type="org.openqa.selenium.WebDriverException">org.openqa.selenium.WebDriverException: 
unknown error: net::ERR_NAME_NOT_RESOLVED
  (Session info: chrome=110.0.5481.78)
Build info: version: '3.141.59', revision: 'e82be7d358', time: '2018-11-14T08:17:03'
System info: host: 'DESKTOP-44KA4E2', ip: '10.20.33.86', os.name: 'Windows 10', os.arch: 'amd64', os.version: '10.0', java.version: '18.0.2'
Driver info: org.openqa.selenium.chrome.ChromeDriver
Capabilities {acceptInsecureCerts: false, browserName: chrome, browserVersion: 110.0.5481.78, chrome: {chromedriverVersion: 110.0.5481.77 (65ed616c6e8e..., userDataDir: C:\Users\gonch\AppData\Loca...}, goog:chromeOptions: {debuggerAddress: localhost:55746}, javascriptEnabled: true, networkConnectionEnabled: false, pageLoadStrategy: normal, platform: WINDOWS, platformName: WINDOWS, proxy: Proxy(), setWindowRect: true, strictFileInteractability: false, timeouts: {implicit: 0, pageLoad: 300000, script: 30000}, unhandledPromptBehavior: dismiss and notify, webauthn:extension:credBlob: true, webauthn:extension:largeBlob: true, webauthn:virtualAuthenticators: true}
Session ID: eda181170db71313973abb934547d35b
</error>
    <system-out><![CDATA[
@BasicDelete
Сценарий: Удаление выборки                     &amp#27;[90m# tests/BO-Table-Selection-EditDelete.feature:6&amp#27;[0m
  &amp#27;[31mДано &amp#27;[0m&amp#27;[31mАвторизовались в системе&amp#27;[0m                &amp#27;[90m# t1.TablesSteps.авторизовалисьВСистеме()&amp#27;[0m
      &amp#27;[31morg.openqa.selenium.WebDriverException: unknown error: net::ERR_NAME_NOT_RESOLVED
  (Session info: chrome=110.0.5481.78)
Build info: version: '3.141.59', revision: 'e82be7d358', time: '2018-11-14T08:17:03'
System info: host: 'DESKTOP-44KA4E2', ip: '10.20.33.86', os.name: 'Windows 10', os.arch: 'amd64', os.version: '10.0', java.version: '18.0.2'
Driver info: org.openqa.selenium.chrome.ChromeDriver
Capabilities {acceptInsecureCerts: false, browserName: chrome, browserVersion: 110.0.5481.78, chrome: {chromedriverVersion: 110.0.5481.77 (65ed616c6e8e..., userDataDir: C:\Users\gonch\AppData\Loca...}, goog:chromeOptions: {debuggerAddress: localhost:55746}, javascriptEnabled: true, networkConnectionEnabled: false, pageLoadStrategy: normal, platform: WINDOWS, platformName: WINDOWS, proxy: Proxy(), setWindowRect: true, strictFileInteractability: false, timeouts: {implicit: 0, pageLoad: 300000, script: 30000}, unhandledPromptBehavior: dismiss and notify, webauthn:extension:credBlob: true, webauthn:extension:largeBlob: true, webauthn:virtualAuthenticators: true}
Session ID: eda181170db71313973abb934547d35b
	at java.base/jdk.internal.reflect.DirectConstructorHandleAccessor.newInstance(DirectConstructorHandleAccessor.java:67)
	at java.base/java.lang.reflect.Constructor.newInstanceWithCaller(Constructor.java:499)
	at java.base/java.lang.reflect.Constructor.newInstance(Constructor.java:483)
	at org.openqa.selenium.remote.http.W3CHttpResponseCodec.createException(W3CHttpResponseCodec.java:187)
	at org.openqa.selenium.remote.http.W3CHttpResponseCodec.decode(W3CHttpResponseCodec.java:122)
	at org.openqa.selenium.remote.http.W3CHttpResponseCodec.decode(W3CHttpResponseCodec.java:49)
	at org.openqa.selenium.remote.HttpCommandExecutor.execute(HttpCommandExecutor.java:158)
	at org.openqa.selenium.remote.service.DriverCommandExecutor.execute(DriverCommandExecutor.java:83)
	at org.openqa.selenium.remote.RemoteWebDriver.execute(RemoteWebDriver.java:552)
	at org.openqa.selenium.remote.RemoteWebDriver.get(RemoteWebDriver.java:277)
	at conf.Config.setDriverRequest(Config.java:37)
	at t1.TablesPageObject.OpenBasePage(TablesPageObject.java:12)
	at t1.TablesSteps.авторизовалисьВСистеме(TablesSteps.java:19)
	at ✽.Авторизовались в системе(classpath:tests/BO-Table-Selection-EditDelete.feature:7)
&amp#27;[0m
  &amp#27;[36mКогда &amp#27;[0m&amp#27;[36mОткрыта главная страница&amp#27;[0m               &amp#27;[90m# t1.TablesSteps.открытаглавнаястраница()&amp#27;[0m
  &amp#27;[36mИ &amp#27;[0m&amp#27;[36mНажимаем на кнопку Модуль Аналитики&amp#27;[0m        &amp#27;[90m# t1.TablesSteps.нажимаемНаКнопкуМодульАналитики()&amp#27;[0m
  &amp#27;[36mИ &amp#27;[0m&amp#27;[36mНажимаем на кнопку Выборки&amp#27;[0m                 &amp#27;[90m# Selections.SelectionsSteps.нажимаемНаКнопкуВыборки()&amp#27;[0m
  &amp#27;[36mИ &amp#27;[0m&amp#27;[36mНажимаем на необходимую выборку &amp#27;[0m&amp#27;[36m&amp#27;[1m"ATselect"&amp#27;[0m &amp#27;[90m# Selections.SelectionsSteps.нажимаемНаНеобходимуюВыборку(java.lang.String)&amp#27;[0m
  &amp#27;[36mИ &amp#27;[0m&amp#27;[36mнажимаем на кнопку Удалить выборку&amp#27;[0m         &amp#27;[90m# Selections.SelectionsSteps.нажимаемНаКнопкуУдалитьВыборку()&amp#27;[0m
  &amp#27;[36mИ &amp#27;[0m&amp#27;[36mнажимаем кнопку КОК&amp#27;[0m                        &amp#27;[90m# Selections.SelectionsSteps.нажимаемКнопкуКОК()&amp#27;[0m
  &amp#27;[36mТогда &amp#27;[0m&amp#27;[36mвыборка удалена&amp#27;[0m                        &amp#27;[90m# Selections.SelectionsSteps.выборкаУдалена()&amp#27;[0m
]]></system-out>
  </testcase>
  <testcase name="Удаление таблицы" classname="Базовый функционал." time="0.149">
    <failure message="Превышено максимальное время ожидания элемента&#10;no such element: Unable to locate element: {&quot;method&quot;:&quot;xpath&quot;,&quot;selector&quot;:&quot;//nz-tree-node-title [@title=&apos;Таблицы&apos;]&quot;}&#10;  (Session info: chrome=110.0.5481.78)&#10;For documentation on this error, please visit: https://www.seleniumhq.org/exceptions/no_such_element.html&#10;Build info: version: &apos;3.141.59&apos;, revision: &apos;e82be7d358&apos;, time: &apos;2018-11-14T08:17:03&apos;&#10;System info: host: &apos;DESKTOP-44KA4E2&apos;, ip: &apos;10.20.33.86&apos;, os.name: &apos;Windows 10&apos;, os.arch: &apos;amd64&apos;, os.version: &apos;10.0&apos;, java.version: &apos;18.0.2&apos;&#10;Driver info: org.openqa.selenium.chrome.ChromeDriver&#10;Capabilities {acceptInsecureCerts: false, browserName: chrome, browserVersion: 110.0.5481.78, chrome: {chromedriverVersion: 110.0.5481.77 (65ed616c6e8e..., userDataDir: C:\Users\gonch\AppData\Loca...}, goog:chromeOptions: {debuggerAddress: localhost:55746}, javascriptEnabled: true, networkConnectionEnabled: false, pageLoadStrategy: normal, platform: WINDOWS, platformName: WINDOWS, proxy: Proxy(), setWindowRect: true, strictFileInteractability: false, timeouts: {implicit: 0, pageLoad: 300000, script: 30000}, unhandledPromptBehavior: dismiss and notify, webauthn:extension:credBlob: true, webauthn:extension:largeBlob: true, webauthn:virtualAuthenticators: true}&#10;Session ID: eda181170db71313973abb934547d35b&#10;*** Element info: {Using=xpath, value=//nz-tree-node-title [@title=&apos;Таблицы&apos;]}" type="org.opentest4j.AssertionFailedError">org.opentest4j.AssertionFailedError: 
Превышено максимальное время ожидания элемента
no such element: Unable to locate element: {"method":"xpath","selector":"//nz-tree-node-title [@title='Таблицы']"}
  (Session info: chrome=110.0.5481.78)
For documentation on this error, please visit: https://www.seleniumhq.org/exceptions/no_such_element.html
Build info: version: '3.141.59', revision: 'e82be7d358', time: '2018-11-14T08:17:03'
System info: host: 'DESKTOP-44KA4E2', ip: '10.20.33.86', os.name: 'Windows 10', os.arch: 'amd64', os.version: '10.0', java.version: '18.0.2'
Driver info: org.openqa.selenium.chrome.ChromeDriver
Capabilities {acceptInsecureCerts: false, browserName: chrome, browserVersion: 110.0.5481.78, chrome: {chromedriverVersion: 110.0.5481.77 (65ed616c6e8e..., userDataDir: C:\Users\gonch\AppData\Loca...}, goog:chromeOptions: {debuggerAddress: localhost:55746}, javascriptEnabled: true, networkConnectionEnabled: false, pageLoadStrategy: normal, platform: WINDOWS, platformName: WINDOWS, proxy: Proxy(), setWindowRect: true, strictFileInteractability: false, timeouts: {implicit: 0, pageLoad: 300000, script: 30000}, unhandledPromptBehavior: dismiss and notify, webauthn:extension:credBlob: true, webauthn:extension:largeBlob: true, webauthn:virtualAuthenticators: true}
Session ID: eda181170db71313973abb934547d35b
*** Element info: {Using=xpath, value=//nz-tree-node-title [@title='Таблицы']}
</failure>
    <system-out><![CDATA[
@BasicDelete
Сценарий: Удаление таблицы                       &amp#27;[90m# tests/BO-Table-Selection-EditDelete.feature:16&amp#27;[0m
  &amp#27;[31mИ &amp#27;[0m&amp#27;[31mНажимаем на кнопку Таблицы&amp#27;[0m                   &amp#27;[90m# t1.TablesSteps.нажимаемНаКнопкуТаблицы()&amp#27;[0m
      &amp#27;[31morg.opentest4j.AssertionFailedError: Превышено максимальное время ожидания элемента
no such element: Unable to locate element: {"method":"xpath","selector":"//nz-tree-node-title [@title='Таблицы']"}
  (Session info: chrome=110.0.5481.78)
For documentation on this error, please visit: https://www.seleniumhq.org/exceptions/no_such_element.html
Build info: version: '3.141.59', revision: 'e82be7d358', time: '2018-11-14T08:17:03'
System info: host: 'DESKTOP-44KA4E2', ip: '10.20.33.86', os.name: 'Windows 10', os.arch: 'amd64', os.version: '10.0', java.version: '18.0.2'
Driver info: org.openqa.selenium.chrome.ChromeDriver
Capabilities {acceptInsecureCerts: false, browserName: chrome, browserVersion: 110.0.5481.78, chrome: {chromedriverVersion: 110.0.5481.77 (65ed616c6e8e..., userDataDir: C:\Users\gonch\AppData\Loca...}, goog:chromeOptions: {debuggerAddress: localhost:55746}, javascriptEnabled: true, networkConnectionEnabled: false, pageLoadStrategy: normal, platform: WINDOWS, platformName: WINDOWS, proxy: Proxy(), setWindowRect: true, strictFileInteractability: false, timeouts: {implicit: 0, pageLoad: 300000, script: 30000}, unhandledPromptBehavior: dismiss and notify, webauthn:extension:credBlob: true, webauthn:extension:largeBlob: true, webauthn:virtualAuthenticators: true}
Session ID: eda181170db71313973abb934547d35b
*** Element info: {Using=xpath, value=//nz-tree-node-title [@title='Таблицы']}
	at org.junit.jupiter.api.AssertionUtils.fail(AssertionUtils.java:39)
	at org.junit.jupiter.api.Assertions.fail(Assertions.java:134)
	at conf.helpclass.CheckElementToBeClickable(helpclass.java:29)
	at conf.helpclass.clickElementClickable(helpclass.java:110)
	at t1.TablesPageObject.ClickTablesButton(TablesPageObject.java:26)
	at t1.TablesSteps.нажимаемНаКнопкуТаблицы(TablesSteps.java:33)
	at ✽.Нажимаем на кнопку Таблицы(classpath:tests/BO-Table-Selection-EditDelete.feature:17)
&amp#27;[0m
  &amp#27;[36mИ &amp#27;[0m&amp#27;[36mнажимаем на необходимую таблицу &amp#27;[0m&amp#27;[36m&amp#27;[1m"attable109"&amp#27;[0m &amp#27;[90m# t1.TablesSteps.нажимаемНаНеобходимуюТаблицу(java.lang.String)&amp#27;[0m
  &amp#27;[36mИ &amp#27;[0m&amp#27;[36mнажимаем на кнопку удаления таблицы&amp#27;[0m          &amp#27;[90m# t1.TablesSteps.нажимаемНаКнопкуУдаленияТаблицы()&amp#27;[0m
  &amp#27;[36mИ &amp#27;[0m&amp#27;[36mнажимаем на ОК&amp#27;[0m                               &amp#27;[90m# t1.TablesSteps.нажимаемНаОК()&amp#27;[0m
  &amp#27;[36mТогда &amp#27;[0m&amp#27;[36mтаблица удалена&amp#27;[0m                          &amp#27;[90m# t1.TablesSteps.таблицаУдалена()&amp#27;[0m
]]></system-out>
  </testcase>
  <testcase name="Удаление конфигурации БО" classname="Базовый функционал." time="0.101">
    <failure message="Превышено максимальное время ожидания элемента&#10;no such element: Unable to locate element: {&quot;method&quot;:&quot;xpath&quot;,&quot;selector&quot;:&quot;//nz-tree-node-title [@title=&apos;Бизнес объекты&apos;]&quot;}&#10;  (Session info: chrome=110.0.5481.78)&#10;For documentation on this error, please visit: https://www.seleniumhq.org/exceptions/no_such_element.html&#10;Build info: version: &apos;3.141.59&apos;, revision: &apos;e82be7d358&apos;, time: &apos;2018-11-14T08:17:03&apos;&#10;System info: host: &apos;DESKTOP-44KA4E2&apos;, ip: &apos;10.20.33.86&apos;, os.name: &apos;Windows 10&apos;, os.arch: &apos;amd64&apos;, os.version: &apos;10.0&apos;, java.version: &apos;18.0.2&apos;&#10;Driver info: org.openqa.selenium.chrome.ChromeDriver&#10;Capabilities {acceptInsecureCerts: false, browserName: chrome, browserVersion: 110.0.5481.78, chrome: {chromedriverVersion: 110.0.5481.77 (65ed616c6e8e..., userDataDir: C:\Users\gonch\AppData\Loca...}, goog:chromeOptions: {debuggerAddress: localhost:55746}, javascriptEnabled: true, networkConnectionEnabled: false, pageLoadStrategy: normal, platform: WINDOWS, platformName: WINDOWS, proxy: Proxy(), setWindowRect: true, strictFileInteractability: false, timeouts: {implicit: 0, pageLoad: 300000, script: 30000}, unhandledPromptBehavior: dismiss and notify, webauthn:extension:credBlob: true, webauthn:extension:largeBlob: true, webauthn:virtualAuthenticators: true}&#10;Session ID: eda181170db71313973abb934547d35b&#10;*** Element info: {Using=xpath, value=//nz-tree-node-title [@title=&apos;Бизнес объекты&apos;]}" type="org.opentest4j.AssertionFailedError">org.opentest4j.AssertionFailedError: 
Превышено максимальное время ожидания элемента
no such element: Unable to locate element: {"method":"xpath","selector":"//nz-tree-node-title [@title='Бизнес объекты']"}
  (Session info: chrome=110.0.5481.78)
For documentation on this error, please visit: https://www.seleniumhq.org/exceptions/no_such_element.html
Build info: version: '3.141.59', revision: 'e82be7d358', time: '2018-11-14T08:17:03'
System info: host: 'DESKTOP-44KA4E2', ip: '10.20.33.86', os.name: 'Windows 10', os.arch: 'amd64', os.version: '10.0', java.version: '18.0.2'
Driver info: org.openqa.selenium.chrome.ChromeDriver
Capabilities {acceptInsecureCerts: false, browserName: chrome, browserVersion: 110.0.5481.78, chrome: {chromedriverVersion: 110.0.5481.77 (65ed616c6e8e..., userDataDir: C:\Users\gonch\AppData\Loca...}, goog:chromeOptions: {debuggerAddress: localhost:55746}, javascriptEnabled: true, networkConnectionEnabled: false, pageLoadStrategy: normal, platform: WINDOWS, platformName: WINDOWS, proxy: Proxy(), setWindowRect: true, strictFileInteractability: false, timeouts: {implicit: 0, pageLoad: 300000, script: 30000}, unhandledPromptBehavior: dismiss and notify, webauthn:extension:credBlob: true, webauthn:extension:largeBlob: true, webauthn:virtualAuthenticators: true}
Session ID: eda181170db71313973abb934547d35b
*** Element info: {Using=xpath, value=//nz-tree-node-title [@title='Бизнес объекты']}
</failure>
    <system-out><![CDATA[
@BasicDelete
Сценарий: Удаление конфигурации БО                  &amp#27;[90m# tests/BO-Table-Selection-EditDelete.feature:23&amp#27;[0m
  &amp#27;[31mИ &amp#27;[0m&amp#27;[31mнажимаем на кнопку Бизнес объекты&amp#27;[0m               &amp#27;[90m# BusinessObjects.BOSteps.НажимаемНаКнопкуБизнесОбъекты()&amp#27;[0m
      &amp#27;[31morg.opentest4j.AssertionFailedError: Превышено максимальное время ожидания элемента
no such element: Unable to locate element: {"method":"xpath","selector":"//nz-tree-node-title [@title='Бизнес объекты']"}
  (Session info: chrome=110.0.5481.78)
For documentation on this error, please visit: https://www.seleniumhq.org/exceptions/no_such_element.html
Build info: version: '3.141.59', revision: 'e82be7d358', time: '2018-11-14T08:17:03'
System info: host: 'DESKTOP-44KA4E2', ip: '10.20.33.86', os.name: 'Windows 10', os.arch: 'amd64', os.version: '10.0', java.version: '18.0.2'
Driver info: org.openqa.selenium.chrome.ChromeDriver
Capabilities {acceptInsecureCerts: false, browserName: chrome, browserVersion: 110.0.5481.78, chrome: {chromedriverVersion: 110.0.5481.77 (65ed616c6e8e..., userDataDir: C:\Users\gonch\AppData\Loca...}, goog:chromeOptions: {debuggerAddress: localhost:55746}, javascriptEnabled: true, networkConnectionEnabled: false, pageLoadStrategy: normal, platform: WINDOWS, platformName: WINDOWS, proxy: Proxy(), setWindowRect: true, strictFileInteractability: false, timeouts: {implicit: 0, pageLoad: 300000, script: 30000}, unhandledPromptBehavior: dismiss and notify, webauthn:extension:credBlob: true, webauthn:extension:largeBlob: true, webauthn:virtualAuthenticators: true}
Session ID: eda181170db71313973abb934547d35b
*** Element info: {Using=xpath, value=//nz-tree-node-title [@title='Бизнес объекты']}
	at org.junit.jupiter.api.AssertionUtils.fail(AssertionUtils.java:39)
	at org.junit.jupiter.api.Assertions.fail(Assertions.java:134)
	at conf.helpclass.CheckElementToBeClickable(helpclass.java:29)
	at conf.helpclass.clickElementClickable(helpclass.java:110)
	at BusinessObjects.BOPageObject.ClickCreateButton(BOPageObject.java:9)
	at BusinessObjects.BOSteps.НажимаемНаКнопкуБизнесОбъекты(BOSteps.java:12)
	at ✽.нажимаем на кнопку Бизнес объекты(classpath:tests/BO-Table-Selection-EditDelete.feature:24)
&amp#27;[0m
  &amp#27;[36mИ &amp#27;[0m&amp#27;[36mнажимаем на уже созданную конфигурацию &amp#27;[0m&amp#27;[36m&amp#27;[1m"ATconf"&amp#27;[0m &amp#27;[90m# BusinessObjects.BOSteps.нажимаемНаУжеСозданнуюКонфигурацию(java.lang.String)&amp#27;[0m
  &amp#27;[36mИ &amp#27;[0m&amp#27;[36mнажимаем на кнопку Удалить конфигурацию&amp#27;[0m         &amp#27;[90m# BusinessObjects.BOSteps.нажимаемНаКнопкуУдалитьКонфигурацию()&amp#27;[0m
  &amp#27;[36mИ &amp#27;[0m&amp#27;[36mнажимаем на кнопку ОК&amp#27;[0m                           &amp#27;[90m# BusinessObjects.BOSteps.нажимаемНаКнопкуОК()&amp#27;[0m
  &amp#27;[36mТогда &amp#27;[0m&amp#27;[36mконфигурация БО удалена&amp#27;[0m                     &amp#27;[90m# BusinessObjects.BOSteps.конфигурацияБОУдалена()&amp#27;[0m
]]></system-out>
  </testcase>
  <testcase name="Создание Функции" classname="Базовый функционал." time="0.155">
    <error message="unknown error: net::ERR_NAME_NOT_RESOLVED&#10;  (Session info: chrome=110.0.5481.78)&#10;Build info: version: &apos;3.141.59&apos;, revision: &apos;e82be7d358&apos;, time: &apos;2018-11-14T08:17:03&apos;&#10;System info: host: &apos;DESKTOP-44KA4E2&apos;, ip: &apos;10.20.33.86&apos;, os.name: &apos;Windows 10&apos;, os.arch: &apos;amd64&apos;, os.version: &apos;10.0&apos;, java.version: &apos;18.0.2&apos;&#10;Driver info: org.openqa.selenium.chrome.ChromeDriver&#10;Capabilities {acceptInsecureCerts: false, browserName: chrome, browserVersion: 110.0.5481.78, chrome: {chromedriverVersion: 110.0.5481.77 (65ed616c6e8e..., userDataDir: C:\Users\gonch\AppData\Loca...}, goog:chromeOptions: {debuggerAddress: localhost:55746}, javascriptEnabled: true, networkConnectionEnabled: false, pageLoadStrategy: normal, platform: WINDOWS, platformName: WINDOWS, proxy: Proxy(), setWindowRect: true, strictFileInteractability: false, timeouts: {implicit: 0, pageLoad: 300000, script: 30000}, unhandledPromptBehavior: dismiss and notify, webauthn:extension:credBlob: true, webauthn:extension:largeBlob: true, webauthn:virtualAuthenticators: true}&#10;Session ID: eda181170db71313973abb934547d35b" type="org.openqa.selenium.WebDriverException">org.openqa.selenium.WebDriverException: 
unknown error: net::ERR_NAME_NOT_RESOLVED
  (Session info: chrome=110.0.5481.78)
Build info: version: '3.141.59', revision: 'e82be7d358', time: '2018-11-14T08:17:03'
System info: host: 'DESKTOP-44KA4E2', ip: '10.20.33.86', os.name: 'Windows 10', os.arch: 'amd64', os.version: '10.0', java.version: '18.0.2'
Driver info: org.openqa.selenium.chrome.ChromeDriver
Capabilities {acceptInsecureCerts: false, browserName: chrome, browserVersion: 110.0.5481.78, chrome: {chromedriverVersion: 110.0.5481.77 (65ed616c6e8e..., userDataDir: C:\Users\gonch\AppData\Loca...}, goog:chromeOptions: {debuggerAddress: localhost:55746}, javascriptEnabled: true, networkConnectionEnabled: false, pageLoadStrategy: normal, platform: WINDOWS, platformName: WINDOWS, proxy: Proxy(), setWindowRect: true, strictFileInteractability: false, timeouts: {implicit: 0, pageLoad: 300000, script: 30000}, unhandledPromptBehavior: dismiss and notify, webauthn:extension:credBlob: true, webauthn:extension:largeBlob: true, webauthn:virtualAuthenticators: true}
Session ID: eda181170db71313973abb934547d35b
</error>
    <system-out><![CDATA[
@BasicFuncScCreation
Сценарий: Создание Функции                                                &amp#27;[90m# tests/Function-Scenario-Creation.feature:6&amp#27;[0m
  &amp#27;[31mДано &amp#27;[0m&amp#27;[31mАвторизовались в системе&amp#27;[0m                                           &amp#27;[90m# t1.TablesSteps.авторизовалисьВСистеме()&amp#27;[0m
      &amp#27;[31morg.openqa.selenium.WebDriverException: unknown error: net::ERR_NAME_NOT_RESOLVED
  (Session info: chrome=110.0.5481.78)
Build info: version: '3.141.59', revision: 'e82be7d358', time: '2018-11-14T08:17:03'
System info: host: 'DESKTOP-44KA4E2', ip: '10.20.33.86', os.name: 'Windows 10', os.arch: 'amd64', os.version: '10.0', java.version: '18.0.2'
Driver info: org.openqa.selenium.chrome.ChromeDriver
Capabilities {acceptInsecureCerts: false, browserName: chrome, browserVersion: 110.0.5481.78, chrome: {chromedriverVersion: 110.0.5481.77 (65ed616c6e8e..., userDataDir: C:\Users\gonch\AppData\Loca...}, goog:chromeOptions: {debuggerAddress: localhost:55746}, javascriptEnabled: true, networkConnectionEnabled: false, pageLoadStrategy: normal, platform: WINDOWS, platformName: WINDOWS, proxy: Proxy(), setWindowRect: true, strictFileInteractability: false, timeouts: {implicit: 0, pageLoad: 300000, script: 30000}, unhandledPromptBehavior: dismiss and notify, webauthn:extension:credBlob: true, webauthn:extension:largeBlob: true, webauthn:virtualAuthenticators: true}
Session ID: eda181170db71313973abb934547d35b
	at java.base/jdk.internal.reflect.DirectConstructorHandleAccessor.newInstance(DirectConstructorHandleAccessor.java:67)
	at java.base/java.lang.reflect.Constructor.newInstanceWithCaller(Constructor.java:499)
	at java.base/java.lang.reflect.Constructor.newInstance(Constructor.java:483)
	at org.openqa.selenium.remote.http.W3CHttpResponseCodec.createException(W3CHttpResponseCodec.java:187)
	at org.openqa.selenium.remote.http.W3CHttpResponseCodec.decode(W3CHttpResponseCodec.java:122)
	at org.openqa.selenium.remote.http.W3CHttpResponseCodec.decode(W3CHttpResponseCodec.java:49)
	at org.openqa.selenium.remote.HttpCommandExecutor.execute(HttpCommandExecutor.java:158)
	at org.openqa.selenium.remote.service.DriverCommandExecutor.execute(DriverCommandExecutor.java:83)
	at org.openqa.selenium.remote.RemoteWebDriver.execute(RemoteWebDriver.java:552)
	at org.openqa.selenium.remote.RemoteWebDriver.get(RemoteWebDriver.java:277)
	at conf.Config.setDriverRequest(Config.java:37)
	at t1.TablesPageObject.OpenBasePage(TablesPageObject.java:12)
	at t1.TablesSteps.авторизовалисьВСистеме(TablesSteps.java:19)
	at ✽.Авторизовались в системе(classpath:tests/Function-Scenario-Creation.feature:7)
&amp#27;[0m
  &amp#27;[36mКогда &amp#27;[0m&amp#27;[36mОткрыта главная страница&amp#27;[0m                                          &amp#27;[90m# t1.TablesSteps.открытаглавнаястраница()&amp#27;[0m
  &amp#27;[36mИ &amp#27;[0m&amp#27;[36mНажимаем на кнопку Модуль Аналитики&amp#27;[0m                                   &amp#27;[90m# t1.TablesSteps.нажимаемНаКнопкуМодульАналитики()&amp#27;[0m
  &amp#27;[36mИ &amp#27;[0m&amp#27;[36mнажимаем на кнопку Функции&amp#27;[0m                                            &amp#27;[90m# Functions.FunctionSteps.НажимаемНаКнопкуФункции()&amp#27;[0m
  &amp#27;[36mИ &amp#27;[0m&amp#27;[36mнажимаем на кнопку создать функцию&amp#27;[0m                                    &amp#27;[90m# Functions.FunctionSteps.нажимаемНаКнопкуСоздатьФункцию()&amp#27;[0m
  &amp#27;[36mИ &amp#27;[0m&amp#27;[36mзаполняем имя функции: &amp#27;[0m&amp#27;[36m&amp#27;[1m"ATFunction"&amp#27;[0m                                   &amp#27;[90m# Functions.FunctionSteps.заполняемИмяФункции(java.lang.String)&amp#27;[0m
  &amp#27;[36mИ &amp#27;[0m&amp#27;[36mвыбираем группу функции: &amp#27;[0m&amp#27;[36m&amp#27;[1m"Группа"&amp#27;[0m&amp#27;[36m, &amp#27;[0m&amp#27;[36m&amp#27;[1m"ROOT"&amp#27;[0m                             &amp#27;[90m# Functions.FunctionSteps.выбираемГруппуФункции(java.lang.String,java.lang.String)&amp#27;[0m
  &amp#27;[36mИ &amp#27;[0m&amp#27;[36mзаполняем описание функции: &amp#27;[0m&amp#27;[36m&amp#27;[1m"Description"&amp#27;[0m                             &amp#27;[90m# Functions.FunctionSteps.заполняемОписаниеФункции(java.lang.String)&amp#27;[0m
  &amp#27;[36mИ &amp#27;[0m&amp#27;[36mзаполняем код функции &amp#27;[0m&amp#27;[36m&amp#27;[1m"public static void function"&amp#27;[0m                   &amp#27;[90m# Functions.FunctionSteps.заполняемКодФункции(java.lang.String)&amp#27;[0m
  &amp#27;[36mИ &amp#27;[0m&amp#27;[36mвыбираем тип выходного параметра: &amp#27;[0m&amp#27;[36m&amp#27;[1m"Тип выходного параметра"&amp#27;[0m&amp#27;[36m, &amp#27;[0m&amp#27;[36m&amp#27;[1m"STRING"&amp#27;[0m &amp#27;[90m# Functions.FunctionSteps.выбираемТипВыходногоПараметра(java.lang.String,java.lang.String)&amp#27;[0m
  &amp#27;[36mИ &amp#27;[0m&amp#27;[36mдобавляем входной параметр&amp#27;[0m                                            &amp#27;[90m# Functions.FunctionSteps.добавляемВходнойПараметр()&amp#27;[0m
  &amp#27;[36mИ &amp#27;[0m&amp#27;[36mзаполняем имя входного параметра: &amp#27;[0m&amp#27;[36m&amp#27;[1m"FuncInputParameter"&amp#27;[0m                &amp#27;[90m# Functions.FunctionSteps.заполняемИмяВходногоПараметра(java.lang.String)&amp#27;[0m
  &amp#27;[36mИ &amp#27;[0m&amp#27;[36mзаполняем описание параметра: &amp#27;[0m&amp#27;[36m&amp#27;[1m"ParamDescription"&amp#27;[0m                      &amp#27;[90m# Functions.FunctionSteps.заполняемОписаниеПараметра(java.lang.String)&amp#27;[0m
  &amp#27;[36mИ &amp#27;[0m&amp#27;[36mвыбираем тип параметра: &amp#27;[0m&amp#27;[36m&amp#27;[1m"STRING"&amp#27;[0m                                      &amp#27;[90m# Functions.FunctionSteps.выбираемТипПараметра(java.lang.String)&amp#27;[0m
  &amp#27;[36mИ &amp#27;[0m&amp#27;[36mнажимаем ОК&amp#27;[0m                                                           &amp#27;[90m# BusinessObjects.BOSteps.нажимаемОК()&amp#27;[0m
  &amp#27;[36mТогда &amp#27;[0m&amp#27;[36mфункция создана&amp#27;[0m                                                   &amp#27;[90m# Functions.FunctionSteps.функцияСоздана()&amp#27;[0m
]]></system-out>
  </testcase>
</testsuite>